[debug] [2019-10-10T08:55:09.546Z] ----------------------------------------------------------------------
[debug] [2019-10-10T08:55:09.548Z] Command:       /usr/bin/node /usr/bin/firebase deploy
[debug] [2019-10-10T08:55:09.548Z] CLI Version:   7.5.0
[debug] [2019-10-10T08:55:09.548Z] Platform:      linux
[debug] [2019-10-10T08:55:09.548Z] Node Version:  v10.16.3
[debug] [2019-10-10T08:55:09.548Z] Time:          Thu Oct 10 2019 03:55:09 GMT-0500 (GMT-05:00)
[debug] [2019-10-10T08:55:09.548Z] ----------------------------------------------------------------------
[debug] 
[debug] [2019-10-10T08:55:09.554Z] > command requires scopes: ["email","openid","https://www.googleapis.com/auth/cloudplatformprojects.readonly","https://www.googleapis.com/auth/firebase","https://www.googleapis.com/auth/cloud-platform"]
[debug] [2019-10-10T08:55:09.554Z] > authorizing via signed-in user
[debug] [2019-10-10T08:55:09.554Z] [iam] checking project pwa-insta-a7cb6 for permissions ["cloudfunctions.functions.create","cloudfunctions.functions.delete","cloudfunctions.functions.get","cloudfunctions.functions.list","cloudfunctions.functions.update","cloudfunctions.operations.get","firebase.projects.get","firebasehosting.sites.update"]
[debug] [2019-10-10T08:55:09.555Z] >>> HTTP REQUEST POST https://cloudresourcemanager.googleapis.com/v1/projects/pwa-insta-a7cb6:testIamPermissions  

[debug] [2019-10-10T08:55:09.989Z] <<< HTTP RESPONSE 200
[debug] [2019-10-10T08:55:09.993Z] >>> HTTP REQUEST GET https://firebase.googleapis.com/v1beta1/projects/pwa-insta-a7cb6  
 
[debug] [2019-10-10T08:55:10.423Z] <<< HTTP RESPONSE 200
[info] 
[info] === Deploying to 'pwa-insta-a7cb6'...
[info] 
[info] i  deploying functions, hosting
[info] Running command: npm --prefix "$RESOURCE_DIR" run lint
[info] ✔  functions: Finished running predeploy script.
[debug] [2019-10-10T08:55:12.819Z] > [functions] package.json contents: {
  "name": "functions",
  "description": "Cloud Functions for Firebase",
  "scripts": {
    "lint": "eslint .",
    "serve": "firebase serve --only functions",
    "shell": "firebase functions:shell",
    "start": "npm run shell",
    "deploy": "firebase deploy --only functions",
    "logs": "firebase functions:log"
  },
  "engines": {
    "node": "8"
  },
  "dependencies": {
    "firebase-admin": "^8.0.0",
    "firebase-functions": "^3.1.0"
  },
  "devDependencies": {
    "eslint": "^5.12.0",
    "eslint-plugin-promise": "^4.0.1",
    "firebase-functions-test": "^0.1.6"
  },
  "private": true
}
[info] i  functions: ensuring necessary APIs are enabled...
[debug] [2019-10-10T08:55:12.822Z] >>> HTTP REQUEST GET https://serviceusage.googleapis.com/v1/projects/pwa-insta-a7cb6/services/cloudfunctions.googleapis.com  
 
[debug] [2019-10-10T08:55:12.822Z] >>> HTTP REQUEST GET https://serviceusage.googleapis.com/v1/projects/pwa-insta-a7cb6/services/runtimeconfig.googleapis.com  
 
[debug] [2019-10-10T08:55:13.253Z] <<< HTTP RESPONSE 200
[debug] [2019-10-10T08:55:13.358Z] <<< HTTP RESPONSE 200
[info] ✔  functions: all necessary APIs are enabled
[debug] [2019-10-10T08:55:13.359Z] >>> HTTP REQUEST GET https://firebase.googleapis.com/v1beta1/projects/pwa-insta-a7cb6/adminSdkConfig  
 
[debug] [2019-10-10T08:55:13.648Z] <<< HTTP RESPONSE 200
[debug] [2019-10-10T08:55:13.650Z] >>> HTTP REQUEST POST https://firebasehosting.googleapis.com/v1beta1/sites/pwa-insta-a7cb6/versions  

[debug] [2019-10-10T08:55:14.858Z] <<< HTTP RESPONSE 200
[info] i  functions: preparing functions directory for uploading...
[debug] [2019-10-10T08:55:14.862Z] >>> HTTP REQUEST GET https://runtimeconfig.googleapis.com/v1beta1/projects/pwa-insta-a7cb6/configs  
 
[debug] [2019-10-10T08:55:15.249Z] <<< HTTP RESPONSE 200
[info] i  hosting[pwa-insta-a7cb6]: beginning deploy...
[info] i  hosting[pwa-insta-a7cb6]: found 28 files in dist
[debug] [2019-10-10T08:55:15.427Z] [hosting] hash cache [ZGlzdA] load error: lines is not defined
[debug] [2019-10-10T08:55:15.941Z] [hosting] hash cache [ZGlzdA] stored for 28 files
[debug] [2019-10-10T08:55:15.947Z] [hosting][hash queue][FINAL]
[debug] [2019-10-10T08:55:15.947Z] >>> HTTP REQUEST POST https://firebasehosting.googleapis.com/v1beta1/sites/pwa-insta-a7cb6/versions/2946f52d2cd5f584:populateFiles  
 <request body omitted>
[debug] [2019-10-10T08:55:16.599Z] <<< HTTP RESPONSE 200
[debug] [2019-10-10T08:55:16.620Z] [hosting][populate queue][FINAL]
[debug] [2019-10-10T08:55:16.620Z] [hosting] uploads queued: 27
[debug] [2019-10-10T08:55:27.114Z] [hosting][upload queue][FINAL]
[info] ✔  hosting[pwa-insta-a7cb6]: file upload complete
[debug] [2019-10-10T08:55:27.115Z] [hosting] deploy completed after 11710ms
[debug] [2019-10-10T08:55:27.116Z] >>> HTTP REQUEST GET https://cloudfunctions.googleapis.com/v1/projects/pwa-insta-a7cb6/locations/-/functions  
 
